app/build/intermediates/manifest_merge_blame_file/debug/manifest-merger-blame-debug-report.txt
1<?xml version="1.0" encoding="utf-8"?>
2<manifest xmlns:android="http://schemas.android.com/apk/res/android"
3    package="com.example.genrefy"
4    android:versionCode="1"
5    android:versionName="1.0" >
6
7    <uses-sdk
8        android:minSdkVersion="19"
8-->src\main\AndroidManifest.xml
9        android:targetSdkVersion="30" />
9-->src\main\AndroidManifest.xml
10
11    <uses-permission android:name="android.permission.INTERNET" />
11-->src\main\AndroidManifest.xml:35:5-67
11-->src\main\AndroidManifest.xml:35:22-64
12    <uses-permission android:name="android.permission.ACCESS_NETWORK_STATE" />
12-->[com.google.firebase:firebase-auth:20.0.3] AndroidManifest.xml:24:5-79
12-->[com.google.firebase:firebase-auth:20.0.3] AndroidManifest.xml:24:22-76
13
14    <application
14-->src\main\AndroidManifest.xml:5:5-33:19
15        android:allowBackup="true"
15-->src\main\AndroidManifest.xml:6:9-35
16        android:appComponentFactory="androidx.core.app.CoreComponentFactory"
16-->[androidx.core:core:1.3.1] AndroidManifest.xml:24:18-86
17        android:debuggable="true"
18        android:icon="@mipmap/ic_launcher"
18-->src\main\AndroidManifest.xml:7:9-43
19        android:label="@string/app_name"
19-->src\main\AndroidManifest.xml:8:9-41
20        android:roundIcon="@mipmap/ic_launcher_round"
20-->src\main\AndroidManifest.xml:9:9-54
21        android:supportsRtl="true"
21-->src\main\AndroidManifest.xml:10:9-35
22        android:testOnly="true"
23        android:theme="@style/Theme.AppCompat.DayNight.NoActionBar" >
23-->src\main\AndroidManifest.xml:11:9-68
24        <activity android:name="com.example.genrefy.Settings.SettingsActivity" />
24-->src\main\AndroidManifest.xml:12:9-72
24-->src\main\AndroidManifest.xml:12:19-60
25        <activity android:name="com.example.genrefy.Genres.LibraryActivity" /> <!-- android:theme="@style/Theme.AppCompat.Light.NoActionBar"> -->
25-->src\main\AndroidManifest.xml:13:9-60
25-->src\main\AndroidManifest.xml:13:19-57
26        <!-- android:theme="@style/Theme.Genrefy"> -->
27        <activity android:name="com.example.genrefy.Authentication.SpotifyAuthActivity" />
27-->src\main\AndroidManifest.xml:15:9-72
27-->src\main\AndroidManifest.xml:15:19-69
28        <activity android:name="com.example.genrefy.TestPlayerActivity" />
28-->src\main\AndroidManifest.xml:16:9-56
28-->src\main\AndroidManifest.xml:16:19-53
29        <activity android:name="com.example.genrefy.Player.PlayerActivity" />
29-->src\main\AndroidManifest.xml:17:9-59
29-->src\main\AndroidManifest.xml:17:19-56
30        <activity android:name="com.example.genrefy.Playlists.PlaylistActivity" />
30-->src\main\AndroidManifest.xml:18:9-64
30-->src\main\AndroidManifest.xml:18:19-61
31        <activity android:name="com.example.genrefy.Genres.GenreListActivity" />
31-->src\main\AndroidManifest.xml:19:9-62
31-->src\main\AndroidManifest.xml:19:19-59
32        <activity
32-->src\main\AndroidManifest.xml:20:9-23:75
33            android:name="com.spotify.sdk.android.authentication.LoginActivity"
33-->src\main\AndroidManifest.xml:21:13-80
34            android:launchMode="standard"
34-->src\main\AndroidManifest.xml:22:13-42
35            android:theme="@android:style/Theme.Translucent.NoTitleBar" />
35-->src\main\AndroidManifest.xml:23:13-72
36        <activity android:name="com.example.genrefy.Authentication.SignUpActivity" />
36-->src\main\AndroidManifest.xml:24:9-67
36-->src\main\AndroidManifest.xml:24:19-64
37        <activity android:name="com.example.genrefy.Authentication.LoginActivity" />
37-->src\main\AndroidManifest.xml:25:9-66
37-->src\main\AndroidManifest.xml:25:19-63
38        <activity android:name="com.example.genrefy.MainActivity" >
38-->src\main\AndroidManifest.xml:26:9-32:20
38-->src\main\AndroidManifest.xml:26:19-47
39            <intent-filter>
39-->src\main\AndroidManifest.xml:27:13-31:29
40                <action android:name="android.intent.action.MAIN" />
40-->src\main\AndroidManifest.xml:28:17-69
40-->src\main\AndroidManifest.xml:28:25-66
41
42                <category android:name="android.intent.category.LAUNCHER" />
42-->src\main\AndroidManifest.xml:30:17-77
42-->src\main\AndroidManifest.xml:30:27-74
43            </intent-filter>
44        </activity>
45        <activity
45-->[com.spotify.android:auth:1.1.0] AndroidManifest.xml:34:9-48:20
46            android:name="com.spotify.sdk.android.authentication.AuthCallbackActivity"
46-->[com.spotify.android:auth:1.1.0] AndroidManifest.xml:35:13-87
47            android:exported="true"
47-->[com.spotify.android:auth:1.1.0] AndroidManifest.xml:36:13-36
48            android:theme="@android:style/Theme.Translucent.NoTitleBar" >
48-->[com.spotify.android:auth:1.1.0] AndroidManifest.xml:37:13-72
49            <intent-filter>
49-->[com.spotify.android:auth:1.1.0] AndroidManifest.xml:38:13-47:29
50                <action android:name="android.intent.action.VIEW" />
50-->[com.spotify.android:auth:1.1.0] AndroidManifest.xml:39:17-69
50-->[com.spotify.android:auth:1.1.0] AndroidManifest.xml:39:25-66
51
52                <category android:name="android.intent.category.DEFAULT" />
52-->[com.spotify.android:auth:1.1.0] AndroidManifest.xml:41:17-76
52-->[com.spotify.android:auth:1.1.0] AndroidManifest.xml:41:27-73
53                <category android:name="android.intent.category.BROWSABLE" />
53-->[com.spotify.android:auth:1.1.0] AndroidManifest.xml:42:17-78
53-->[com.spotify.android:auth:1.1.0] AndroidManifest.xml:42:27-75
54
55                <data
55-->[com.spotify.android:auth:1.1.0] AndroidManifest.xml:44:17-46:80
56                    android:host="@string/com_spotify_sdk_redirect_host"
56-->[com.spotify.android:auth:1.1.0] AndroidManifest.xml:45:21-73
57                    android:scheme="@string/com_spotify_sdk_redirect_scheme" />
57-->[com.spotify.android:auth:1.1.0] AndroidManifest.xml:46:21-77
58            </intent-filter>
59        </activity>
60
61        <provider
61-->[com.squareup.picasso:picasso:2.71828] AndroidManifest.xml:8:9-11:40
62            android:name="com.squareup.picasso.PicassoProvider"
62-->[com.squareup.picasso:picasso:2.71828] AndroidManifest.xml:9:13-64
63            android:authorities="com.example.genrefy.com.squareup.picasso"
63-->[com.squareup.picasso:picasso:2.71828] AndroidManifest.xml:10:13-72
64            android:exported="false" />
64-->[com.squareup.picasso:picasso:2.71828] AndroidManifest.xml:11:13-37
65
66        <activity
66-->[com.google.firebase:firebase-auth:20.0.3] AndroidManifest.xml:27:9-44:20
67            android:name="com.google.firebase.auth.internal.GenericIdpActivity"
67-->[com.google.firebase:firebase-auth:20.0.3] AndroidManifest.xml:28:13-80
68            android:excludeFromRecents="true"
68-->[com.google.firebase:firebase-auth:20.0.3] AndroidManifest.xml:29:13-46
69            android:exported="true"
69-->[com.google.firebase:firebase-auth:20.0.3] AndroidManifest.xml:30:13-36
70            android:launchMode="singleTask"
70-->[com.google.firebase:firebase-auth:20.0.3] AndroidManifest.xml:31:13-44
71            android:theme="@android:style/Theme.Translucent.NoTitleBar" >
71-->[com.google.firebase:firebase-auth:20.0.3] AndroidManifest.xml:32:13-72
72            <intent-filter>
72-->[com.google.firebase:firebase-auth:20.0.3] AndroidManifest.xml:33:13-43:29
73                <action android:name="android.intent.action.VIEW" />
73-->[com.spotify.android:auth:1.1.0] AndroidManifest.xml:39:17-69
73-->[com.spotify.android:auth:1.1.0] AndroidManifest.xml:39:25-66
74
75                <category android:name="android.intent.category.DEFAULT" />
75-->[com.spotify.android:auth:1.1.0] AndroidManifest.xml:41:17-76
75-->[com.spotify.android:auth:1.1.0] AndroidManifest.xml:41:27-73
76                <category android:name="android.intent.category.BROWSABLE" />
76-->[com.spotify.android:auth:1.1.0] AndroidManifest.xml:42:17-78
76-->[com.spotify.android:auth:1.1.0] AndroidManifest.xml:42:27-75
77
78                <data
78-->[com.spotify.android:auth:1.1.0] AndroidManifest.xml:44:17-46:80
79                    android:host="firebase.auth"
79-->[com.spotify.android:auth:1.1.0] AndroidManifest.xml:45:21-73
80                    android:path="/"
81                    android:scheme="genericidp" />
81-->[com.spotify.android:auth:1.1.0] AndroidManifest.xml:46:21-77
82            </intent-filter>
83        </activity>
84        <activity
84-->[com.google.firebase:firebase-auth:20.0.3] AndroidManifest.xml:45:9-62:20
85            android:name="com.google.firebase.auth.internal.RecaptchaActivity"
85-->[com.google.firebase:firebase-auth:20.0.3] AndroidManifest.xml:46:13-79
86            android:excludeFromRecents="true"
86-->[com.google.firebase:firebase-auth:20.0.3] AndroidManifest.xml:47:13-46
87            android:exported="true"
87-->[com.google.firebase:firebase-auth:20.0.3] AndroidManifest.xml:48:13-36
88            android:launchMode="singleTask"
88-->[com.google.firebase:firebase-auth:20.0.3] AndroidManifest.xml:49:13-44
89            android:theme="@android:style/Theme.Translucent.NoTitleBar" >
89-->[com.google.firebase:firebase-auth:20.0.3] AndroidManifest.xml:50:13-72
90            <intent-filter>
90-->[com.google.firebase:firebase-auth:20.0.3] AndroidManifest.xml:51:13-61:29
91                <action android:name="android.intent.action.VIEW" />
91-->[com.spotify.android:auth:1.1.0] AndroidManifest.xml:39:17-69
91-->[com.spotify.android:auth:1.1.0] AndroidManifest.xml:39:25-66
92
93                <category android:name="android.intent.category.DEFAULT" />
93-->[com.spotify.android:auth:1.1.0] AndroidManifest.xml:41:17-76
93-->[com.spotify.android:auth:1.1.0] AndroidManifest.xml:41:27-73
94                <category android:name="android.intent.category.BROWSABLE" />
94-->[com.spotify.android:auth:1.1.0] AndroidManifest.xml:42:17-78
94-->[com.spotify.android:auth:1.1.0] AndroidManifest.xml:42:27-75
95
96                <data
96-->[com.spotify.android:auth:1.1.0] AndroidManifest.xml:44:17-46:80
97                    android:host="firebase.auth"
97-->[com.spotify.android:auth:1.1.0] AndroidManifest.xml:45:21-73
98                    android:path="/"
99                    android:scheme="recaptcha" />
99-->[com.spotify.android:auth:1.1.0] AndroidManifest.xml:46:21-77
100            </intent-filter>
101        </activity>
102
103        <service
103-->[com.google.firebase:firebase-auth:20.0.3] AndroidManifest.xml:64:9-73:19
104            android:name="com.google.firebase.auth.api.fallback.service.FirebaseAuthFallbackService"
104-->[com.google.firebase:firebase-auth:20.0.3] AndroidManifest.xml:65:13-101
105            android:enabled="true"
105-->[com.google.firebase:firebase-auth:20.0.3] AndroidManifest.xml:66:13-35
106            android:exported="false" >
106-->[com.google.firebase:firebase-auth:20.0.3] AndroidManifest.xml:67:13-37
107            <intent-filter>
107-->[com.google.firebase:firebase-auth:20.0.3] AndroidManifest.xml:68:13-72:29
108                <action android:name="com.google.firebase.auth.api.gms.service.START" />
108-->[com.google.firebase:firebase-auth:20.0.3] AndroidManifest.xml:69:17-89
108-->[com.google.firebase:firebase-auth:20.0.3] AndroidManifest.xml:69:25-86
109
110                <category android:name="android.intent.category.DEFAULT" />
110-->[com.spotify.android:auth:1.1.0] AndroidManifest.xml:41:17-76
110-->[com.spotify.android:auth:1.1.0] AndroidManifest.xml:41:27-73
111            </intent-filter>
112        </service>
113        <service
113-->[com.google.firebase:firebase-auth:20.0.3] AndroidManifest.xml:74:9-80:19
114            android:name="com.google.firebase.components.ComponentDiscoveryService"
114-->[com.google.firebase:firebase-auth:20.0.3] AndroidManifest.xml:75:13-84
115            android:directBootAware="true"
115-->[com.google.firebase:firebase-common:19.5.0] AndroidManifest.xml:35:13-43
116            android:exported="false" >
116-->[com.google.firebase:firebase-auth:20.0.3] AndroidManifest.xml:76:13-37
117            <meta-data
117-->[com.google.firebase:firebase-auth:20.0.3] AndroidManifest.xml:77:13-79:85
118                android:name="com.google.firebase.components:com.google.firebase.auth.FirebaseAuthRegistrar"
118-->[com.google.firebase:firebase-auth:20.0.3] AndroidManifest.xml:78:17-109
119                android:value="com.google.firebase.components.ComponentRegistrar" />
119-->[com.google.firebase:firebase-auth:20.0.3] AndroidManifest.xml:79:17-82
120            <meta-data
120-->[com.google.firebase:firebase-database:19.7.0] AndroidManifest.xml:32:13-34:85
121                android:name="com.google.firebase.components:com.google.firebase.database.DatabaseRegistrar"
121-->[com.google.firebase:firebase-database:19.7.0] AndroidManifest.xml:33:17-109
122                android:value="com.google.firebase.components.ComponentRegistrar" />
122-->[com.google.firebase:firebase-database:19.7.0] AndroidManifest.xml:34:17-82
123            <!--
124                This registrar is not defined in the dynamic-module-support sdk itself to allow non-firebase
125                clients to use it as well, by defining this registrar in their own core/common library.
126            -->
127            <meta-data
127-->[com.google.firebase:firebase-common:19.5.0] AndroidManifest.xml:43:13-45:85
128                android:name="com.google.firebase.components:com.google.firebase.dynamicloading.DynamicLoadingRegistrar"
128-->[com.google.firebase:firebase-common:19.5.0] AndroidManifest.xml:44:17-121
129                android:value="com.google.firebase.components.ComponentRegistrar" />
129-->[com.google.firebase:firebase-common:19.5.0] AndroidManifest.xml:45:17-82
130        </service>
131
132        <activity
132-->[com.google.android.gms:play-services-auth:19.0.0] AndroidManifest.xml:23:9-27:75
133            android:name="com.google.android.gms.auth.api.signin.internal.SignInHubActivity"
133-->[com.google.android.gms:play-services-auth:19.0.0] AndroidManifest.xml:24:13-93
134            android:excludeFromRecents="true"
134-->[com.google.android.gms:play-services-auth:19.0.0] AndroidManifest.xml:25:13-46
135            android:exported="false"
135-->[com.google.android.gms:play-services-auth:19.0.0] AndroidManifest.xml:26:13-37
136            android:theme="@android:style/Theme.Translucent.NoTitleBar" />
136-->[com.google.android.gms:play-services-auth:19.0.0] AndroidManifest.xml:27:13-72
137        <!--
138            Service handling Google Sign-In user revocation. For apps that do not integrate with
139            Google Sign-In, this service will never be started.
140        -->
141        <service
141-->[com.google.android.gms:play-services-auth:19.0.0] AndroidManifest.xml:33:9-37:51
142            android:name="com.google.android.gms.auth.api.signin.RevocationBoundService"
142-->[com.google.android.gms:play-services-auth:19.0.0] AndroidManifest.xml:34:13-89
143            android:exported="true"
143-->[com.google.android.gms:play-services-auth:19.0.0] AndroidManifest.xml:35:13-36
144            android:permission="com.google.android.gms.auth.api.signin.permission.REVOCATION_NOTIFICATION"
144-->[com.google.android.gms:play-services-auth:19.0.0] AndroidManifest.xml:36:13-107
145            android:visibleToInstantApps="true" />
145-->[com.google.android.gms:play-services-auth:19.0.0] AndroidManifest.xml:37:13-48
146
147        <provider
147-->[com.google.firebase:firebase-common:19.5.0] AndroidManifest.xml:26:9-31:39
148            android:name="com.google.firebase.provider.FirebaseInitProvider"
148-->[com.google.firebase:firebase-common:19.5.0] AndroidManifest.xml:27:13-77
149            android:authorities="com.example.genrefy.firebaseinitprovider"
149-->[com.google.firebase:firebase-common:19.5.0] AndroidManifest.xml:28:13-72
150            android:directBootAware="true"
150-->[com.google.firebase:firebase-common:19.5.0] AndroidManifest.xml:29:13-43
151            android:exported="false"
151-->[com.google.firebase:firebase-common:19.5.0] AndroidManifest.xml:30:13-37
152            android:initOrder="100" />
152-->[com.google.firebase:firebase-common:19.5.0] AndroidManifest.xml:31:13-36
153
154        <activity
154-->[com.google.android.gms:play-services-base:17.1.0] AndroidManifest.xml:23:9-26:75
155            android:name="com.google.android.gms.common.api.GoogleApiActivity"
155-->[com.google.android.gms:play-services-base:17.1.0] AndroidManifest.xml:24:13-79
156            android:exported="false"
156-->[com.google.android.gms:play-services-base:17.1.0] AndroidManifest.xml:25:13-37
157            android:theme="@android:style/Theme.Translucent.NoTitleBar" />
157-->[com.google.android.gms:play-services-base:17.1.0] AndroidManifest.xml:26:13-72
158
159        <meta-data
159-->[com.google.android.gms:play-services-basement:17.1.1] AndroidManifest.xml:23:9-25:69
160            android:name="com.google.android.gms.version"
160-->[com.google.android.gms:play-services-basement:17.1.1] AndroidManifest.xml:24:13-58
161            android:value="@integer/google_play_services_version" />
161-->[com.google.android.gms:play-services-basement:17.1.1] AndroidManifest.xml:25:13-66
162    </application>
163
164</manifest>